<?xml version="1.0" encoding="UTF-8"?>
<!-- Generated by org.testng.reporters.JUnitXMLReporter -->
<testsuite hostname="LAPTOP-UEEMDNDB" ignored="4" tests="0" failures="0" timestamp="17 Aug 2018 11:24:48 GMT" time="0.007" errors="0">
  <testcase name="testSuccessPostCallForRandomDetailsEntry" time="0.0" classname="com.project.api.testscenarios.functionalvalidationtests.CustomerOnboarding_PostCall">
    <ignored/>
  </testcase> <!-- testSuccessPostCallForRandomDetailsEntry -->
  <testcase name="testSuccessPostCallForDuplicateCustomerDetails" time="0.0" classname="com.project.api.testscenarios.functionalvalidationtests.CustomerOnboarding_PostCall">
    <ignored/>
  </testcase> <!-- testSuccessPostCallForDuplicateCustomerDetails -->
  <testcase name="testSuccessPostCallForOnlyOneCustomer" time="0.0" classname="com.project.api.testscenarios.functionalvalidationtests.CustomerOnboarding_PostCall">
    <ignored/>
  </testcase> <!-- testSuccessPostCallForOnlyOneCustomer -->
  <testcase name="successPostCall" time="0.0" classname="com.project.api.testscenarios.functionalvalidationtests.CustomerOnboarding_PostCall">
    <ignored/>
  </testcase> <!-- successPostCall -->
</testsuite>
