<?xml version="1.0" encoding="UTF-8"?>
<testsuite xmlns:xsi="http://www.w3.org/2001/XMLSchema-instance" xsi:schemaLocation="https://maven.apache.org/surefire/maven-surefire-plugin/xsd/surefire-test-report.xsd" name="TestSuite" time="3.497" tests="1" errors="0" skipped="0" failures="1">
  <properties>
[...]
</properties>
  <testcase name="testWithInvalidUrl" classname="com.project.api.testscenarios.httpstatusvalidationtests.EmailValidation_GetCall" time="3.139">
    <failure message="1 expectation failed.&#10;Expected status code &lt;404&gt; doesn&apos;t match actual status code &lt;200&gt;.&#10;" type="java.lang.AssertionError"><![CDATA[java.lang.AssertionError: 
1 expectation failed.
Expected status code <404> doesn't match actual status code <200>.

	at com.project.api.testscenarios.httpstatusvalidationtests.EmailValidation_GetCall.testWithInvalidUrl(EmailValidation_GetCall.java:78)
]]></failure>
    <system-out><![CDATA[HTTP/1.1 200 OK
Cache-Control: no-cache, must-revalidate
Content-Type: application/json
Date: Thu, 31 Jan 2019 08:48:15 GMT
Expires: 0
Server: RapidAPI-1.0.4
Vary: Accept
X-Powered-By: Luracast Restler v2.2.0
Content-Length: 21
Connection: keep-alive

{
    "isValid": true
}
]]></system-out>
    <system-err><![CDATA[Jan 31, 2019 2:18:12 PM com.project.app.api_test_v1.configurations.EntityProvider <clinit>
INFO: Run entity environment is : emailValidation
Jan 31, 2019 2:18:12 PM com.project.app.api_test_v1.configurations.RestSpecifications <clinit>
INFO: EndPoint Base URI: https://pozzad-email-validator.p.rapidapi.com
Jan 31, 2019 2:18:12 PM com.project.app.api_test_v1.utilities.RestCalls modifyPathParam
INFO: Path params updated : {email=ranadeep_banik@yahoo.com}
Jan 31, 2019 2:18:12 PM com.project.api.testscenarios.httpstatusvalidationtests.EmailValidation_GetCall setUp
INFO: Method initiating testWithInvalidUrl
Jan 31, 2019 2:18:12 PM com.project.app.api_test_v1.configurations.RestSpecifications initiateRestConfig
INFO: Base Uri : https://pozzad-email-validator.p.rapidapi.com
Jan 31, 2019 2:18:12 PM com.project.app.api_test_v1.configurations.RestSpecifications initiateRestConfig
INFO: Base Path : /emailvalidator/validateEmail/{email}
Jan 31, 2019 2:18:12 PM com.project.app.api_test_v1.utilities.RestCalls setInitialRestCallConfigurations
INFO: Rest Assured initial configurations initiated
]]></system-err>
  </testcase>
</testsuite>